<?xml version="1.0" encoding="UTF-8"?>
<testng-results skipped="0" failed="0" ignored="0" total="1" passed="1">
  <reporter-output>
  </reporter-output>
  <suite name="Default suite" duration-ms="22250" started-at="2020-04-06T13:12:43 IST" finished-at="2020-04-06T13:13:05 IST">
    <groups>
      <group name="cucumber">
        <method signature="AbstractTestNGCucumberTests.runScenario(cucumber.api.testng.PickleEventWrapper, cucumber.api.testng.CucumberFeatureWrapper)[pri:0, instance:Runner.RunTest@1f7030a6]" name="runScenario" class="cucumber.api.testng.AbstractTestNGCucumberTests"/>
      </group> <!-- cucumber -->
    </groups>
    <test name="Default test" duration-ms="22250" started-at="2020-04-06T13:12:43 IST" finished-at="2020-04-06T13:13:05 IST">
      <class name="Runner.RunTest">
        <test-method status="PASS" signature="setUpClass()[pri:0, instance:Runner.RunTest@1f7030a6]" name="setUpClass" is-config="true" duration-ms="302" started-at="2020-04-06T13:12:43 IST" finished-at="2020-04-06T13:12:43 IST">
          <reporter-output>
          </reporter-output>
        </test-method> <!-- setUpClass -->
        <test-method status="PASS" signature="runScenario(cucumber.api.testng.PickleEventWrapper, cucumber.api.testng.CucumberFeatureWrapper)[pri:0, instance:Runner.RunTest@1f7030a6]" name="runScenario" duration-ms="21767" started-at="2020-04-06T13:12:44 IST" description="Runs Cucumber Scenarios" data-provider="scenarios" finished-at="2020-04-06T13:13:05 IST">
          <params>
            <param index="0">
              <value>
                <![CDATA["[TC002] Positive Flow For CreateLead"]]>
              </value>
            </param>
            <param index="1">
              <value>
                <![CDATA["CreateLead in LeafTapsApplication [TET-100]"]]>
              </value>
            </param>
          </params>
          <reporter-output>
          </reporter-output>
        </test-method> <!-- runScenario -->
        <test-method status="PASS" signature="tearDownClass()[pri:0, instance:Runner.RunTest@1f7030a6]" name="tearDownClass" is-config="true" duration-ms="7" started-at="2020-04-06T13:13:05 IST" finished-at="2020-04-06T13:13:05 IST">
          <reporter-output>
          </reporter-output>
        </test-method> <!-- tearDownClass -->
      </class> <!-- Runner.RunTest -->
    </test> <!-- Default test -->
  </suite> <!-- Default suite -->
</testng-results>
